<?xml version="1.0" encoding="UTF-8"?>
<testsuite xmlns:xsi="http://www.w3.org/2001/XMLSchema-instance" xsi:noNamespaceSchemaLocation="https://maven.apache.org/surefire/maven-surefire-plugin/xsd/surefire-test-report.xsd" version="3.0.2" name="com.cardano.tutorial.MintingServiceTest" time="0.242" tests="7" errors="0" skipped="0" failures="0">
  <properties>
[...]
</properties>
  <testcase name="createPolicy_hasKeys" classname="com.cardano.tutorial.MintingServiceTest" time="0.206"/>
  <testcase name="multiSigPolicy_withMultipleKeys" classname="com.cardano.tutorial.MintingServiceTest" time="0.002"/>
  <testcase name="asset_negation_forBurning" classname="com.cardano.tutorial.MintingServiceTest" time="0.001"/>
  <testcase name="asset_creation" classname="com.cardano.tutorial.MintingServiceTest" time="0.001"/>
  <testcase name="createPolicy_producesPolicyId" classname="com.cardano.tutorial.MintingServiceTest" time="0.001"/>
  <testcase name="createPolicy_hasPolicyScript" classname="com.cardano.tutorial.MintingServiceTest" time="0.001"/>
  <testcase name="differentPolicies_haveDifferentPolicyIds" classname="com.cardano.tutorial.MintingServiceTest" time="0.001"/>
</testsuite>